<?xml version="1.0" encoding="UTF-8"?>
<!-- Generated by org.testng.reporters.JUnitReportReporter -->
<testsuite hostname="SHREE" failures="0" tests="1" name="testCases.TC_005_AddToCartPageTest" time="2.601" errors="0" timestamp="2024-10-30T10:58:42 IST" skipped="0">
  <testcase classname="testCases.TC_005_AddToCartPageTest" name="verify_addToCart" time="2.601"/>
</testsuite> <!-- testCases.TC_005_AddToCartPageTest -->
